Using pre-set license
Built from '2021.3/staging' branch; Version is '2021.3.16f1 (4016570cf34f) revision 4200023'; Using compiler version '192829333'; Build Type 'Release'
OS: 'Windows 11  (10.0.22621) 64bit CoreSingleLanguage' Language: 'en' Physical Memory: 20308 MB
BatchMode: 1, IsHumanControllingUs: 0, StartBugReporterOnCrash: 0, Is64bit: 1, IsPro: 1

COMMAND LINE ARGUMENTS:
D:\Softwares\Unity\Hub\Editor\2021.3.16f1\Editor\Unity.exe
-adb2
-batchMode
-noUpm
-name
AssetImportWorker0
-projectPath
D:/unity/projects/ZongVR
-logFile
Logs/AssetImportWorker0.log
-srvPort
59946
Successfully changed project path to: D:/unity/projects/ZongVR
D:/unity/projects/ZongVR
[UnityMemory] Configuration Parameters - Can be set up in boot.config
    "memorysetup-bucket-allocator-granularity=16"
    "memorysetup-bucket-allocator-bucket-count=8"
    "memorysetup-bucket-allocator-block-size=33554432"
    "memorysetup-bucket-allocator-block-count=8"
    "memorysetup-main-allocator-block-size=16777216"
    "memorysetup-thread-allocator-block-size=16777216"
    "memorysetup-gfx-main-allocator-block-size=16777216"
    "memorysetup-gfx-thread-allocator-block-size=16777216"
    "memorysetup-cache-allocator-block-size=4194304"
    "memorysetup-typetree-allocator-block-size=2097152"
    "memorysetup-profiler-bucket-allocator-granularity=16"
    "memorysetup-profiler-bucket-allocator-bucket-count=8"
    "memorysetup-profiler-bucket-allocator-block-size=33554432"
    "memorysetup-profiler-bucket-allocator-block-count=8"
    "memorysetup-profiler-allocator-block-size=16777216"
    "memorysetup-profiler-editor-allocator-block-size=1048576"
    "memorysetup-temp-allocator-size-main=16777216"
    "memorysetup-job-temp-allocator-block-size=2097152"
    "memorysetup-job-temp-allocator-block-size-background=1048576"
    "memorysetup-job-temp-allocator-reduction-small-platforms=262144"
    "memorysetup-temp-allocator-size-background-worker=32768"
    "memorysetup-temp-allocator-size-job-worker=262144"
    "memorysetup-temp-allocator-size-preload-manager=33554432"
    "memorysetup-temp-allocator-size-nav-mesh-worker=65536"
    "memorysetup-temp-allocator-size-audio-worker=65536"
    "memorysetup-temp-allocator-size-cloud-worker=32768"
    "memorysetup-temp-allocator-size-gi-baking-worker=262144"
    "memorysetup-temp-allocator-size-gfx=262144"
Player connection [28800] Host "[IP] 192.168.123.8 [Port] 0 [Flags] 2 [Guid] 602239981 [EditorId] 602239981 [Version] 1048832 [Id] WindowsEditor(7,TarunUniversal) [Debug] 1 [PackageName] WindowsEditor [ProjectName] Editor" joined multi-casting on [225.0.0.222:54997]...

Player connection [28800] Host "[IP] 192.168.123.8 [Port] 0 [Flags] 2 [Guid] 602239981 [EditorId] 602239981 [Version] 1048832 [Id] WindowsEditor(7,TarunUniversal) [Debug] 1 [PackageName] WindowsEditor [ProjectName] Editor" joined alternative multi-casting on [225.0.0.222:34997]...

Refreshing native plugins compatible for Editor in 102.47 ms, found 3 plugins.
Preloading 0 native plugins for Editor in 0.00 ms.
Initialize engine version: 2021.3.16f1 (4016570cf34f)
[Subsystems] Discovering subsystems at path D:/Softwares/Unity/Hub/Editor/2021.3.16f1/Editor/Data/Resources/UnitySubsystems
[Subsystems] Discovering subsystems at path D:/unity/projects/ZongVR/Assets
GfxDevice: creating device client; threaded=0; jobified=0
Direct3D:
    Version:  Direct3D 11.0 [level 11.1]
    Renderer: NVIDIA GeForce MX250 (ID=0x1d13)
    Vendor:   NVIDIA
    VRAM:     1983 MB
    Driver:   27.21.14.5749
Initialize mono
Mono path[0] = 'D:/Softwares/Unity/Hub/Editor/2021.3.16f1/Editor/Data/Managed'
Mono path[1] = 'D:/Softwares/Unity/Hub/Editor/2021.3.16f1/Editor/Data/MonoBleedingEdge/lib/mono/unityjit-win32'
Mono config path = 'D:/Softwares/Unity/Hub/Editor/2021.3.16f1/Editor/Data/MonoBleedingEdge/etc'
Using monoOptions --debugger-agent=transport=dt_socket,embedding=1,server=y,suspend=n,address=127.0.0.1:56784
Begin MonoManager ReloadAssembly
Registering precompiled unity dll's ...
Register platform support module: D:/Softwares/Unity/Hub/Editor/2021.3.16f1/Editor/Data/PlaybackEngines/AndroidPlayer/UnityEditor.Android.Extensions.dll
Register platform support module: D:/Softwares/Unity/Hub/Editor/2021.3.16f1/Editor/Data/PlaybackEngines/WindowsStandaloneSupport/UnityEditor.WindowsStandalone.Extensions.dll
Registered in 0.002839 seconds.
Native extension for WindowsStandalone target not found
Native extension for Android target not found
Refreshing native plugins compatible for Editor in 89.80 ms, found 3 plugins.
Preloading 0 native plugins for Editor in 0.00 ms.
Mono: successfully reloaded assembly
- Completed reload, in  0.745 seconds
Domain Reload Profiling:
	ReloadAssembly (745ms)
		BeginReloadAssembly (76ms)
			ExecutionOrderSort (0ms)
			DisableScriptedObjects (0ms)
			BackupInstance (0ms)
			ReleaseScriptingObjects (0ms)
			CreateAndSetChildDomain (1ms)
		EndReloadAssembly (565ms)
			LoadAssemblies (75ms)
			RebuildTransferFunctionScriptingTraits (0ms)
			SetupTypeCache (132ms)
			ReleaseScriptCaches (0ms)
			RebuildScriptCaches (34ms)
			SetupLoadedEditorAssemblies (336ms)
				LogAssemblyErrors (0ms)
				InitializePlatformSupportModulesInManaged (66ms)
				SetLoadedEditorAssemblies (0ms)
				RefreshPlugins (90ms)
				BeforeProcessingInitializeOnLoad (1ms)
				ProcessInitializeOnLoadAttributes (117ms)
				ProcessInitializeOnLoadMethodAttributes (61ms)
				AfterProcessingInitializeOnLoad (0ms)
				EditorAssembliesLoaded (0ms)
			ExecutionOrderSort2 (0ms)
			AwakeInstancesAfterBackupRestoration (0ms)
Platform modules already initialized, skipping
Registering precompiled user dll's ...
Registered in 0.004038 seconds.
Begin MonoManager ReloadAssembly
Symbol file LoadedFromMemory doesn't match image D:\unity\projects\ZongVR\Library\PackageCache\com.unity.visualscripting@1.7.8\Editor\VisualScripting.Core\Dependencies\YamlDotNet\Unity.VisualScripting.YamlDotNet.dll
Symbol file LoadedFromMemory doesn't match image D:\unity\projects\ZongVR\Library\PackageCache\com.unity.visualscripting@1.7.8\Editor\VisualScripting.Core\Dependencies\DotNetZip\Unity.VisualScripting.IonicZip.dll
Native extension for WindowsStandalone target not found
Native extension for Android target not found
Refreshing native plugins compatible for Editor in 0.54 ms, found 3 plugins.
Preloading 0 native plugins for Editor in 0.00 ms.
Mono: successfully reloaded assembly
- Completed reload, in  1.275 seconds
Domain Reload Profiling:
	ReloadAssembly (1276ms)
		BeginReloadAssembly (283ms)
			ExecutionOrderSort (0ms)
			DisableScriptedObjects (8ms)
			BackupInstance (0ms)
			ReleaseScriptingObjects (0ms)
			CreateAndSetChildDomain (175ms)
		EndReloadAssembly (881ms)
			LoadAssemblies (90ms)
			RebuildTransferFunctionScriptingTraits (0ms)
			SetupTypeCache (283ms)
			ReleaseScriptCaches (1ms)
			RebuildScriptCaches (52ms)
			SetupLoadedEditorAssemblies (408ms)
				LogAssemblyErrors (0ms)
				InitializePlatformSupportModulesInManaged (13ms)
				SetLoadedEditorAssemblies (0ms)
				RefreshPlugins (1ms)
				BeforeProcessingInitializeOnLoad (81ms)
				ProcessInitializeOnLoadAttributes (280ms)
				ProcessInitializeOnLoadMethodAttributes (29ms)
				AfterProcessingInitializeOnLoad (4ms)
				EditorAssembliesLoaded (0ms)
			ExecutionOrderSort2 (0ms)
			AwakeInstancesAfterBackupRestoration (9ms)
Platform modules already initialized, skipping
========================================================================
Worker process is ready to serve import requests
Launched and connected shader compiler UnityShaderCompiler.exe after 0.10 seconds
Refreshing native plugins compatible for Editor in 0.55 ms, found 3 plugins.
Preloading 0 native plugins for Editor in 0.00 ms.
Unloading 3361 Unused Serialized files (Serialized files now loaded: 0)
Unloading 27 unused Assets / (113.3 KB). Loaded Objects now: 3820.
Memory consumption went from 115.6 MB to 115.5 MB.
Total: 5.005100 ms (FindLiveObjects: 0.309100 ms CreateObjectMapping: 0.236200 ms MarkObjects: 4.323000 ms  DeleteObjects: 0.134900 ms)

AssetImportParameters requested are different than current active one (requested -> active):
  custom:video-decoder-ogg-theora: a1e56fd34408186e4bbccfd4996cb3dc -> 
  custom:container-muxer-webm: aa71ff27fc2769a1b78a27578f13a17b -> 
  custom:container-demuxer-webm: 4f35f7cbe854078d1ac9338744f61a02 -> 
  custom:video-encoder-webm-vp8: eb34c28f22e8b96e1ab97ce403110664 -> 
  custom:video-codec-MediaFoundation-h265: 746d11721c4dcdbdad8f713fa42b33f4 -> 
  custom:audio-encoder-webm-vorbis: bf7c407c2cedff20999df2af8eb42d56 -> 
  custom:framework-win-MediaFoundation: 216162199b28c13a410421893ffa2e32 -> 
  custom:container-demuxer-ogg: 62fdf1f143b41e24485cea50d1cbac27 -> 
  custom:video-decoder-webm-vp8: 9c59270c3fd7afecdb556c50c9e8de78 -> 
  custom:audio-decoder-ogg-vorbis: bf7c407c2cedff20999df2af8eb42d56 -> 
========================================================================
Received Import Request.
  Time since last request: 1851266.001657 seconds.
  path: Assets/Scripts
  artifactKey: Guid(509433f52ba0d724494ef54a16d738f8) Importer(815301076,1909f56bfc062723c751e8b465ee728b)
Start importing Assets/Scripts using Guid(509433f52ba0d724494ef54a16d738f8) Importer(815301076,1909f56bfc062723c751e8b465ee728b)  -> (artifact id: '4e4754b8ccd1705c7d4da1d5f938a013') in 0.012227 seconds 
========================================================================
Received Import Request.
  Time since last request: 12.094730 seconds.
  path: Assets/Scripts/Manager.cs
  artifactKey: Guid(1ccba97285702be409e3e993b2f71d32) Importer(815301076,1909f56bfc062723c751e8b465ee728b)
Start importing Assets/Scripts/Manager.cs using Guid(1ccba97285702be409e3e993b2f71d32) Importer(815301076,1909f56bfc062723c751e8b465ee728b)  -> (artifact id: '1764892effd3599242d2a2dccca6ec6f') in 0.025178 seconds 
========================================================================
Received Prepare
Registering precompiled user dll's ...
Registered in 0.005962 seconds.
Begin MonoManager ReloadAssembly
Symbol file LoadedFromMemory doesn't match image D:\unity\projects\ZongVR\Library\PackageCache\com.unity.visualscripting@1.7.8\Editor\VisualScripting.Core\Dependencies\YamlDotNet\Unity.VisualScripting.YamlDotNet.dll
Symbol file LoadedFromMemory doesn't match image D:\unity\projects\ZongVR\Library\PackageCache\com.unity.visualscripting@1.7.8\Editor\VisualScripting.Core\Dependencies\DotNetZip\Unity.VisualScripting.IonicZip.dll
Native extension for WindowsStandalone target not found
Native extension for Android target not found
Refreshing native plugins compatible for Editor in 0.95 ms, found 3 plugins.
Preloading 0 native plugins for Editor in 0.00 ms.
Mono: successfully reloaded assembly
- Completed reload, in  1.673 seconds
Domain Reload Profiling:
	ReloadAssembly (1674ms)
		BeginReloadAssembly (234ms)
			ExecutionOrderSort (0ms)
			DisableScriptedObjects (19ms)
			BackupInstance (0ms)
			ReleaseScriptingObjects (0ms)
			CreateAndSetChildDomain (63ms)
		EndReloadAssembly (1256ms)
			LoadAssemblies (140ms)
			RebuildTransferFunctionScriptingTraits (0ms)
			SetupTypeCache (489ms)
			ReleaseScriptCaches (2ms)
			RebuildScriptCaches (93ms)
			SetupLoadedEditorAssemblies (458ms)
				LogAssemblyErrors (0ms)
				InitializePlatformSupportModulesInManaged (36ms)
				SetLoadedEditorAssemblies (1ms)
				RefreshPlugins (1ms)
				BeforeProcessingInitializeOnLoad (84ms)
				ProcessInitializeOnLoadAttributes (296ms)
				ProcessInitializeOnLoadMethodAttributes (37ms)
				AfterProcessingInitializeOnLoad (4ms)
				EditorAssembliesLoaded (0ms)
			ExecutionOrderSort2 (0ms)
			AwakeInstancesAfterBackupRestoration (7ms)
Platform modules already initialized, skipping
Refreshing native plugins compatible for Editor in 1.92 ms, found 3 plugins.
Preloading 0 native plugins for Editor in 0.00 ms.
Unloading 3357 Unused Serialized files (Serialized files now loaded: 0)
Unloading 20 unused Assets / (79.8 KB). Loaded Objects now: 3824.
Memory consumption went from 115.5 MB to 115.4 MB.
Total: 3.867300 ms (FindLiveObjects: 0.315600 ms CreateObjectMapping: 0.273400 ms MarkObjects: 3.173800 ms  DeleteObjects: 0.102700 ms)

AssetImportParameters requested are different than current active one (requested -> active):
  custom:video-decoder-ogg-theora: a1e56fd34408186e4bbccfd4996cb3dc -> 
  custom:container-muxer-webm: aa71ff27fc2769a1b78a27578f13a17b -> 
  custom:container-demuxer-webm: 4f35f7cbe854078d1ac9338744f61a02 -> 
  custom:video-encoder-webm-vp8: eb34c28f22e8b96e1ab97ce403110664 -> 
  custom:video-codec-MediaFoundation-h265: 746d11721c4dcdbdad8f713fa42b33f4 -> 
  custom:audio-encoder-webm-vorbis: bf7c407c2cedff20999df2af8eb42d56 -> 
  custom:framework-win-MediaFoundation: 216162199b28c13a410421893ffa2e32 -> 
  custom:container-demuxer-ogg: 62fdf1f143b41e24485cea50d1cbac27 -> 
  custom:video-decoder-webm-vp8: 9c59270c3fd7afecdb556c50c9e8de78 -> 
  custom:audio-decoder-ogg-vorbis: bf7c407c2cedff20999df2af8eb42d56 -> 
========================================================================
Received Prepare
Refreshing native plugins compatible for Editor in 410.91 ms, found 3 plugins.
Preloading 0 native plugins for Editor in 0.00 ms.
Unloading 20 Unused Serialized files (Serialized files now loaded: 0)
Unloading 20 unused Assets / (77.3 KB). Loaded Objects now: 3824.
Memory consumption went from 48.7 MB to 48.7 MB.
Total: 14.856600 ms (FindLiveObjects: 0.832700 ms CreateObjectMapping: 0.567100 ms MarkObjects: 13.126800 ms  DeleteObjects: 0.325800 ms)

AssetImportParameters requested are different than current active one (requested -> active):
  custom:video-decoder-ogg-theora: a1e56fd34408186e4bbccfd4996cb3dc -> 
  custom:container-muxer-webm: aa71ff27fc2769a1b78a27578f13a17b -> 
  custom:container-demuxer-webm: 4f35f7cbe854078d1ac9338744f61a02 -> 
  custom:video-encoder-webm-vp8: eb34c28f22e8b96e1ab97ce403110664 -> 
  custom:video-codec-MediaFoundation-h265: 746d11721c4dcdbdad8f713fa42b33f4 -> 
  custom:audio-encoder-webm-vorbis: bf7c407c2cedff20999df2af8eb42d56 -> 
  custom:framework-win-MediaFoundation: 216162199b28c13a410421893ffa2e32 -> 
  custom:container-demuxer-ogg: 62fdf1f143b41e24485cea50d1cbac27 -> 
  custom:video-decoder-webm-vp8: 9c59270c3fd7afecdb556c50c9e8de78 -> 
  custom:audio-decoder-ogg-vorbis: bf7c407c2cedff20999df2af8eb42d56 -> 
========================================================================
Received Prepare
Refreshing native plugins compatible for Editor in 2.76 ms, found 3 plugins.
Preloading 0 native plugins for Editor in 0.00 ms.
Unloading 20 Unused Serialized files (Serialized files now loaded: 0)
Unloading 20 unused Assets / (77.3 KB). Loaded Objects now: 3824.
Memory consumption went from 48.7 MB to 48.7 MB.
Total: 3.739600 ms (FindLiveObjects: 0.269700 ms CreateObjectMapping: 0.177800 ms MarkObjects: 3.191800 ms  DeleteObjects: 0.099000 ms)

AssetImportParameters requested are different than current active one (requested -> active):
  custom:video-decoder-ogg-theora: a1e56fd34408186e4bbccfd4996cb3dc -> 
  custom:container-muxer-webm: aa71ff27fc2769a1b78a27578f13a17b -> 
  custom:container-demuxer-webm: 4f35f7cbe854078d1ac9338744f61a02 -> 
  custom:video-encoder-webm-vp8: eb34c28f22e8b96e1ab97ce403110664 -> 
  custom:video-codec-MediaFoundation-h265: 746d11721c4dcdbdad8f713fa42b33f4 -> 
  custom:audio-encoder-webm-vorbis: bf7c407c2cedff20999df2af8eb42d56 -> 
  custom:framework-win-MediaFoundation: 216162199b28c13a410421893ffa2e32 -> 
  custom:container-demuxer-ogg: 62fdf1f143b41e24485cea50d1cbac27 -> 
  custom:video-decoder-webm-vp8: 9c59270c3fd7afecdb556c50c9e8de78 -> 
  custom:audio-decoder-ogg-vorbis: bf7c407c2cedff20999df2af8eb42d56 -> 
========================================================================
Received Prepare
Registering precompiled user dll's ...
Registered in 0.003110 seconds.
Begin MonoManager ReloadAssembly
Symbol file LoadedFromMemory doesn't match image D:\unity\projects\ZongVR\Library\PackageCache\com.unity.visualscripting@1.7.8\Editor\VisualScripting.Core\Dependencies\YamlDotNet\Unity.VisualScripting.YamlDotNet.dll
Symbol file LoadedFromMemory doesn't match image D:\unity\projects\ZongVR\Library\PackageCache\com.unity.visualscripting@1.7.8\Editor\VisualScripting.Core\Dependencies\DotNetZip\Unity.VisualScripting.IonicZip.dll
Native extension for WindowsStandalone target not found
Native extension for Android target not found
Refreshing native plugins compatible for Editor in 0.54 ms, found 3 plugins.
Preloading 0 native plugins for Editor in 0.00 ms.
Mono: successfully reloaded assembly
- Completed reload, in  1.128 seconds
Domain Reload Profiling:
	ReloadAssembly (1129ms)
		BeginReloadAssembly (154ms)
			ExecutionOrderSort (0ms)
			DisableScriptedObjects (6ms)
			BackupInstance (0ms)
			ReleaseScriptingObjects (0ms)
			CreateAndSetChildDomain (45ms)
		EndReloadAssembly (872ms)
			LoadAssemblies (93ms)
			RebuildTransferFunctionScriptingTraits (0ms)
			SetupTypeCache (345ms)
			ReleaseScriptCaches (1ms)
			RebuildScriptCaches (49ms)
			SetupLoadedEditorAssemblies (354ms)
				LogAssemblyErrors (0ms)
				InitializePlatformSupportModulesInManaged (29ms)
				SetLoadedEditorAssemblies (0ms)
				RefreshPlugins (1ms)
				BeforeProcessingInitializeOnLoad (70ms)
				ProcessInitializeOnLoadAttributes (228ms)
				ProcessInitializeOnLoadMethodAttributes (24ms)
				AfterProcessingInitializeOnLoad (2ms)
				EditorAssembliesLoaded (0ms)
			ExecutionOrderSort2 (0ms)
			AwakeInstancesAfterBackupRestoration (6ms)
Platform modules already initialized, skipping
Refreshing native plugins compatible for Editor in 1.53 ms, found 3 plugins.
Preloading 0 native plugins for Editor in 0.00 ms.
Unloading 3357 Unused Serialized files (Serialized files now loaded: 0)
Unloading 20 unused Assets / (79.7 KB). Loaded Objects now: 3827.
Memory consumption went from 115.5 MB to 115.4 MB.
Total: 3.545800 ms (FindLiveObjects: 0.253700 ms CreateObjectMapping: 0.162300 ms MarkObjects: 3.036000 ms  DeleteObjects: 0.092400 ms)

AssetImportParameters requested are different than current active one (requested -> active):
  custom:video-decoder-ogg-theora: a1e56fd34408186e4bbccfd4996cb3dc -> 
  custom:container-muxer-webm: aa71ff27fc2769a1b78a27578f13a17b -> 
  custom:container-demuxer-webm: 4f35f7cbe854078d1ac9338744f61a02 -> 
  custom:video-encoder-webm-vp8: eb34c28f22e8b96e1ab97ce403110664 -> 
  custom:video-codec-MediaFoundation-h265: 746d11721c4dcdbdad8f713fa42b33f4 -> 
  custom:audio-encoder-webm-vorbis: bf7c407c2cedff20999df2af8eb42d56 -> 
  custom:framework-win-MediaFoundation: 216162199b28c13a410421893ffa2e32 -> 
  custom:container-demuxer-ogg: 62fdf1f143b41e24485cea50d1cbac27 -> 
  custom:video-decoder-webm-vp8: 9c59270c3fd7afecdb556c50c9e8de78 -> 
  custom:audio-decoder-ogg-vorbis: bf7c407c2cedff20999df2af8eb42d56 -> 
========================================================================
Received Prepare
Refreshing native plugins compatible for Editor in 2.94 ms, found 3 plugins.
Preloading 0 native plugins for Editor in 0.00 ms.
Unloading 20 Unused Serialized files (Serialized files now loaded: 0)
Unloading 20 unused Assets / (77.2 KB). Loaded Objects now: 3827.
Memory consumption went from 48.8 MB to 48.7 MB.
Total: 3.217400 ms (FindLiveObjects: 0.327400 ms CreateObjectMapping: 0.213400 ms MarkObjects: 2.601300 ms  DeleteObjects: 0.074200 ms)

AssetImportParameters requested are different than current active one (requested -> active):
  custom:video-decoder-ogg-theora: a1e56fd34408186e4bbccfd4996cb3dc -> 
  custom:container-muxer-webm: aa71ff27fc2769a1b78a27578f13a17b -> 
  custom:container-demuxer-webm: 4f35f7cbe854078d1ac9338744f61a02 -> 
  custom:video-encoder-webm-vp8: eb34c28f22e8b96e1ab97ce403110664 -> 
  custom:video-codec-MediaFoundation-h265: 746d11721c4dcdbdad8f713fa42b33f4 -> 
  custom:audio-encoder-webm-vorbis: bf7c407c2cedff20999df2af8eb42d56 -> 
  custom:framework-win-MediaFoundation: 216162199b28c13a410421893ffa2e32 -> 
  custom:container-demuxer-ogg: 62fdf1f143b41e24485cea50d1cbac27 -> 
  custom:video-decoder-webm-vp8: 9c59270c3fd7afecdb556c50c9e8de78 -> 
  custom:audio-decoder-ogg-vorbis: bf7c407c2cedff20999df2af8eb42d56 -> 
========================================================================
Received Prepare
Registering precompiled user dll's ...
Registered in 0.003496 seconds.
Begin MonoManager ReloadAssembly
Symbol file LoadedFromMemory doesn't match image D:\unity\projects\ZongVR\Library\PackageCache\com.unity.visualscripting@1.7.8\Editor\VisualScripting.Core\Dependencies\YamlDotNet\Unity.VisualScripting.YamlDotNet.dll
Symbol file LoadedFromMemory doesn't match image D:\unity\projects\ZongVR\Library\PackageCache\com.unity.visualscripting@1.7.8\Editor\VisualScripting.Core\Dependencies\DotNetZip\Unity.VisualScripting.IonicZip.dll
Native extension for WindowsStandalone target not found
Native extension for Android target not found
Refreshing native plugins compatible for Editor in 0.97 ms, found 3 plugins.
Preloading 0 native plugins for Editor in 0.00 ms.
Mono: successfully reloaded assembly
- Completed reload, in  1.526 seconds
Domain Reload Profiling:
	ReloadAssembly (1527ms)
		BeginReloadAssembly (184ms)
			ExecutionOrderSort (0ms)
			DisableScriptedObjects (10ms)
			BackupInstance (0ms)
			ReleaseScriptingObjects (0ms)
			CreateAndSetChildDomain (47ms)
		EndReloadAssembly (1178ms)
			LoadAssemblies (127ms)
			RebuildTransferFunctionScriptingTraits (0ms)
			SetupTypeCache (455ms)
			ReleaseScriptCaches (1ms)
			RebuildScriptCaches (54ms)
			SetupLoadedEditorAssemblies (485ms)
				LogAssemblyErrors (0ms)
				InitializePlatformSupportModulesInManaged (31ms)
				SetLoadedEditorAssemblies (1ms)
				RefreshPlugins (1ms)
				BeforeProcessingInitializeOnLoad (103ms)
				ProcessInitializeOnLoadAttributes (314ms)
				ProcessInitializeOnLoadMethodAttributes (32ms)
				AfterProcessingInitializeOnLoad (3ms)
				EditorAssembliesLoaded (0ms)
			ExecutionOrderSort2 (0ms)
			AwakeInstancesAfterBackupRestoration (10ms)
Platform modules already initialized, skipping
Refreshing native plugins compatible for Editor in 1.63 ms, found 3 plugins.
Preloading 0 native plugins for Editor in 0.00 ms.
Unloading 3357 Unused Serialized files (Serialized files now loaded: 0)
Unloading 20 unused Assets / (79.8 KB). Loaded Objects now: 3830.
Memory consumption went from 115.5 MB to 115.5 MB.
Total: 4.215500 ms (FindLiveObjects: 0.324800 ms CreateObjectMapping: 0.259800 ms MarkObjects: 3.524900 ms  DeleteObjects: 0.104900 ms)

AssetImportParameters requested are different than current active one (requested -> active):
  custom:video-decoder-ogg-theora: a1e56fd34408186e4bbccfd4996cb3dc -> 
  custom:container-muxer-webm: aa71ff27fc2769a1b78a27578f13a17b -> 
  custom:container-demuxer-webm: 4f35f7cbe854078d1ac9338744f61a02 -> 
  custom:video-encoder-webm-vp8: eb34c28f22e8b96e1ab97ce403110664 -> 
  custom:video-codec-MediaFoundation-h265: 746d11721c4dcdbdad8f713fa42b33f4 -> 
  custom:audio-encoder-webm-vorbis: bf7c407c2cedff20999df2af8eb42d56 -> 
  custom:framework-win-MediaFoundation: 216162199b28c13a410421893ffa2e32 -> 
  custom:container-demuxer-ogg: 62fdf1f143b41e24485cea50d1cbac27 -> 
  custom:video-decoder-webm-vp8: 9c59270c3fd7afecdb556c50c9e8de78 -> 
  custom:audio-decoder-ogg-vorbis: bf7c407c2cedff20999df2af8eb42d56 -> 
========================================================================
Received Prepare
Registering precompiled user dll's ...
Registered in 0.003548 seconds.
Begin MonoManager ReloadAssembly
Symbol file LoadedFromMemory doesn't match image D:\unity\projects\ZongVR\Library\PackageCache\com.unity.visualscripting@1.7.8\Editor\VisualScripting.Core\Dependencies\YamlDotNet\Unity.VisualScripting.YamlDotNet.dll
Symbol file LoadedFromMemory doesn't match image D:\unity\projects\ZongVR\Library\PackageCache\com.unity.visualscripting@1.7.8\Editor\VisualScripting.Core\Dependencies\DotNetZip\Unity.VisualScripting.IonicZip.dll
Native extension for WindowsStandalone target not found
Native extension for Android target not found
Refreshing native plugins compatible for Editor in 0.70 ms, found 3 plugins.
Preloading 0 native plugins for Editor in 0.00 ms.
Mono: successfully reloaded assembly
- Completed reload, in  1.509 seconds
Domain Reload Profiling:
	ReloadAssembly (1510ms)
		BeginReloadAssembly (148ms)
			ExecutionOrderSort (0ms)
			DisableScriptedObjects (6ms)
			BackupInstance (0ms)
			ReleaseScriptingObjects (0ms)
			CreateAndSetChildDomain (42ms)
		EndReloadAssembly (1258ms)
			LoadAssemblies (94ms)
			RebuildTransferFunctionScriptingTraits (0ms)
			SetupTypeCache (467ms)
			ReleaseScriptCaches (2ms)
			RebuildScriptCaches (81ms)
			SetupLoadedEditorAssemblies (526ms)
				LogAssemblyErrors (0ms)
				InitializePlatformSupportModulesInManaged (31ms)
				SetLoadedEditorAssemblies (1ms)
				RefreshPlugins (1ms)
				BeforeProcessingInitializeOnLoad (97ms)
				ProcessInitializeOnLoadAttributes (349ms)
				ProcessInitializeOnLoadMethodAttributes (42ms)
				AfterProcessingInitializeOnLoad (5ms)
				EditorAssembliesLoaded (0ms)
			ExecutionOrderSort2 (0ms)
			AwakeInstancesAfterBackupRestoration (9ms)
Platform modules already initialized, skipping
Refreshing native plugins compatible for Editor in 2.26 ms, found 3 plugins.
Preloading 0 native plugins for Editor in 0.00 ms.
Unloading 3357 Unused Serialized files (Serialized files now loaded: 0)
Unloading 20 unused Assets / (79.9 KB). Loaded Objects now: 3833.
Memory consumption went from 115.5 MB to 115.5 MB.
Total: 3.918300 ms (FindLiveObjects: 0.343400 ms CreateObjectMapping: 0.531600 ms MarkObjects: 2.944100 ms  DeleteObjects: 0.098100 ms)

AssetImportParameters requested are different than current active one (requested -> active):
  custom:video-decoder-ogg-theora: a1e56fd34408186e4bbccfd4996cb3dc -> 
  custom:container-muxer-webm: aa71ff27fc2769a1b78a27578f13a17b -> 
  custom:container-demuxer-webm: 4f35f7cbe854078d1ac9338744f61a02 -> 
  custom:video-encoder-webm-vp8: eb34c28f22e8b96e1ab97ce403110664 -> 
  custom:video-codec-MediaFoundation-h265: 746d11721c4dcdbdad8f713fa42b33f4 -> 
  custom:audio-encoder-webm-vorbis: bf7c407c2cedff20999df2af8eb42d56 -> 
  custom:framework-win-MediaFoundation: 216162199b28c13a410421893ffa2e32 -> 
  custom:container-demuxer-ogg: 62fdf1f143b41e24485cea50d1cbac27 -> 
  custom:video-decoder-webm-vp8: 9c59270c3fd7afecdb556c50c9e8de78 -> 
  custom:audio-decoder-ogg-vorbis: bf7c407c2cedff20999df2af8eb42d56 -> 
========================================================================
Received Prepare
Registering precompiled user dll's ...
Registered in 0.003917 seconds.
Begin MonoManager ReloadAssembly
Symbol file LoadedFromMemory doesn't match image D:\unity\projects\ZongVR\Library\PackageCache\com.unity.visualscripting@1.7.8\Editor\VisualScripting.Core\Dependencies\YamlDotNet\Unity.VisualScripting.YamlDotNet.dll
Symbol file LoadedFromMemory doesn't match image D:\unity\projects\ZongVR\Library\PackageCache\com.unity.visualscripting@1.7.8\Editor\VisualScripting.Core\Dependencies\DotNetZip\Unity.VisualScripting.IonicZip.dll
Native extension for WindowsStandalone target not found
Native extension for Android target not found
Refreshing native plugins compatible for Editor in 1.17 ms, found 3 plugins.
Preloading 0 native plugins for Editor in 0.00 ms.
Mono: successfully reloaded assembly
- Completed reload, in  1.493 seconds
Domain Reload Profiling:
	ReloadAssembly (1494ms)
		BeginReloadAssembly (138ms)
			ExecutionOrderSort (0ms)
			DisableScriptedObjects (6ms)
			BackupInstance (0ms)
			ReleaseScriptingObjects (0ms)
			CreateAndSetChildDomain (37ms)
		EndReloadAssembly (1247ms)
			LoadAssemblies (86ms)
			RebuildTransferFunctionScriptingTraits (0ms)
			SetupTypeCache (454ms)
			ReleaseScriptCaches (2ms)
			RebuildScriptCaches (81ms)
			SetupLoadedEditorAssemblies (527ms)
				LogAssemblyErrors (0ms)
				InitializePlatformSupportModulesInManaged (32ms)
				SetLoadedEditorAssemblies (1ms)
				RefreshPlugins (1ms)
				BeforeProcessingInitializeOnLoad (98ms)
				ProcessInitializeOnLoadAttributes (349ms)
				ProcessInitializeOnLoadMethodAttributes (43ms)
				AfterProcessingInitializeOnLoad (3ms)
				EditorAssembliesLoaded (0ms)
			ExecutionOrderSort2 (0ms)
			AwakeInstancesAfterBackupRestoration (10ms)
Platform modules already initialized, skipping
Refreshing native plugins compatible for Editor in 2.34 ms, found 3 plugins.
Preloading 0 native plugins for Editor in 0.00 ms.
Unloading 3357 Unused Serialized files (Serialized files now loaded: 0)
Unloading 20 unused Assets / (79.9 KB). Loaded Objects now: 3836.
Memory consumption went from 115.5 MB to 115.5 MB.
Total: 4.903500 ms (FindLiveObjects: 0.593700 ms CreateObjectMapping: 0.464700 ms MarkObjects: 3.734400 ms  DeleteObjects: 0.108300 ms)

AssetImportParameters requested are different than current active one (requested -> active):
  custom:video-decoder-ogg-theora: a1e56fd34408186e4bbccfd4996cb3dc -> 
  custom:container-muxer-webm: aa71ff27fc2769a1b78a27578f13a17b -> 
  custom:container-demuxer-webm: 4f35f7cbe854078d1ac9338744f61a02 -> 
  custom:video-encoder-webm-vp8: eb34c28f22e8b96e1ab97ce403110664 -> 
  custom:video-codec-MediaFoundation-h265: 746d11721c4dcdbdad8f713fa42b33f4 -> 
  custom:audio-encoder-webm-vorbis: bf7c407c2cedff20999df2af8eb42d56 -> 
  custom:framework-win-MediaFoundation: 216162199b28c13a410421893ffa2e32 -> 
  custom:container-demuxer-ogg: 62fdf1f143b41e24485cea50d1cbac27 -> 
  custom:video-decoder-webm-vp8: 9c59270c3fd7afecdb556c50c9e8de78 -> 
  custom:audio-decoder-ogg-vorbis: bf7c407c2cedff20999df2af8eb42d56 -> 
========================================================================
Received Import Request.
  Time since last request: 3583.927531 seconds.
  path: Assets/Models
  artifactKey: Guid(84c171d055551e8449ced34b522c78bf) Importer(815301076,1909f56bfc062723c751e8b465ee728b)
Start importing Assets/Models using Guid(84c171d055551e8449ced34b522c78bf) Importer(815301076,1909f56bfc062723c751e8b465ee728b)  -> (artifact id: 'e3bd2c50e164eb0011a1c934f4c6ea06') in 0.010122 seconds 
========================================================================
Received Import Request.
  Time since last request: 7.212004 seconds.
  path: Assets/Models/WitchHouse.fbx
  artifactKey: Guid(bbf081a67ce85f84992332d8d4878010) Importer(815301076,1909f56bfc062723c751e8b465ee728b)
Start importing Assets/Models/WitchHouse.fbx using Guid(bbf081a67ce85f84992332d8d4878010) Importer(815301076,1909f56bfc062723c751e8b465ee728b)  -> (artifact id: 'c124755a4c5f9ded5f46fa6f38e39e14') in 1.333190 seconds 
========================================================================
Received Import Request.
  Time since last request: 20.560404 seconds.
  path: Assets/Models/WitchHouse.fbx
  artifactKey: Guid(bbf081a67ce85f84992332d8d4878010) Importer(815301076,1909f56bfc062723c751e8b465ee728b)
Start importing Assets/Models/WitchHouse.fbx using Guid(bbf081a67ce85f84992332d8d4878010) Importer(815301076,1909f56bfc062723c751e8b465ee728b)  -> (artifact id: 'e3770041ff1c91765979cff9aef055c8') in 0.244040 seconds 
========================================================================
Received Import Request.
  Time since last request: 47.612690 seconds.
  path: Assets/Models/House
  artifactKey: Guid(9aeaf5dfd5f7aa3438f5bb9e998c6365) Importer(815301076,1909f56bfc062723c751e8b465ee728b)
Start importing Assets/Models/House using Guid(9aeaf5dfd5f7aa3438f5bb9e998c6365) Importer(815301076,1909f56bfc062723c751e8b465ee728b)  -> (artifact id: '14d3c0db4308d99626b31950cca9a73c') in 0.007245 seconds 
========================================================================
Received Import Request.
  Time since last request: 11.893875 seconds.
  path: Assets/Models/House/TheMaterialBase.png
  artifactKey: Guid(30408c9402e838f42974ab4d9d105c6d) Importer(815301076,1909f56bfc062723c751e8b465ee728b)
Start importing Assets/Models/House/TheMaterialBase.png using Guid(30408c9402e838f42974ab4d9d105c6d) Importer(815301076,1909f56bfc062723c751e8b465ee728b)  -> (artifact id: 'c285641b7fa24339e0507686568784ba') in 0.114446 seconds 
========================================================================
Received Import Request.
  Time since last request: 137.839221 seconds.
  path: Assets/Models/House/Glass.mat
  artifactKey: Guid(c9380572236dbdd41807398689728fd4) Importer(815301076,1909f56bfc062723c751e8b465ee728b)
Start importing Assets/Models/House/Glass.mat using Guid(c9380572236dbdd41807398689728fd4) Importer(815301076,1909f56bfc062723c751e8b465ee728b)  -> (artifact id: '0eaec15a7a59bfc54a53889757024fa0') in 0.023134 seconds 
========================================================================
Received Import Request.
  Time since last request: 3061.703596 seconds.
  path: Assets/Models/Chest
  artifactKey: Guid(376f6d5e57b11cd4086ed68b2bc1ff84) Importer(815301076,1909f56bfc062723c751e8b465ee728b)
Start importing Assets/Models/Chest using Guid(376f6d5e57b11cd4086ed68b2bc1ff84) Importer(815301076,1909f56bfc062723c751e8b465ee728b)  -> (artifact id: '4d6996356af360a2762218d96fba50db') in 0.002409 seconds 
========================================================================
Received Import Request.
  Time since last request: 4.130928 seconds.
  path: Assets/Models/Chest/Chest.fbx
  artifactKey: Guid(8b551410e483eab49bcd09ab5bdd0547) Importer(815301076,1909f56bfc062723c751e8b465ee728b)
Start importing Assets/Models/Chest/Chest.fbx using Guid(8b551410e483eab49bcd09ab5bdd0547) Importer(815301076,1909f56bfc062723c751e8b465ee728b)  -> (artifact id: '8021856affed4c3203c8c21e15b897b0') in 0.051791 seconds 
========================================================================
Received Import Request.
  Time since last request: 8.899915 seconds.
  path: Assets/Models/Chest/Chest.fbx
  artifactKey: Guid(8b551410e483eab49bcd09ab5bdd0547) Importer(815301076,1909f56bfc062723c751e8b465ee728b)
Start importing Assets/Models/Chest/Chest.fbx using Guid(8b551410e483eab49bcd09ab5bdd0547) Importer(815301076,1909f56bfc062723c751e8b465ee728b)  -> (artifact id: '32b3fe3e7fc395c9972361987445d059') in 0.156348 seconds 
========================================================================
Received Import Request.
  Time since last request: 15.721218 seconds.
  path: Assets/Models/House/House.tif
  artifactKey: Guid(207c2f6bc835b604aa08b1a737ca2208) Importer(815301076,1909f56bfc062723c751e8b465ee728b)
Start importing Assets/Models/House/House.tif using Guid(207c2f6bc835b604aa08b1a737ca2208) Importer(815301076,1909f56bfc062723c751e8b465ee728b)  -> (artifact id: 'cf558fcbc3b5b34e40024a0f1f70d1bc') in 0.052808 seconds 
========================================================================
Received Import Request.
  Time since last request: 916.189879 seconds.
  path: Assets/Models/Chest/Chest.fbx
  artifactKey: Guid(8b551410e483eab49bcd09ab5bdd0547) Importer(815301076,1909f56bfc062723c751e8b465ee728b)
Start importing Assets/Models/Chest/Chest.fbx using Guid(8b551410e483eab49bcd09ab5bdd0547) Importer(815301076,1909f56bfc062723c751e8b465ee728b)  -> (artifact id: 'aa789c884aa7324ee39f221353f47fc4') in 0.043771 seconds 
========================================================================
Received Import Request.
  Time since last request: 18.796802 seconds.
  path: Assets/Models/Chest/Chest.fbx
  artifactKey: Guid(8b551410e483eab49bcd09ab5bdd0547) Importer(815301076,1909f56bfc062723c751e8b465ee728b)
Start importing Assets/Models/Chest/Chest.fbx using Guid(8b551410e483eab49bcd09ab5bdd0547) Importer(815301076,1909f56bfc062723c751e8b465ee728b)  -> (artifact id: '3e2cf9ef10c6608dbdc535d22157d6a8') in 0.034736 seconds 
========================================================================
Received Import Request.
  Time since last request: 41.786369 seconds.
  path: Assets/Models/House/TheM.tif
  artifactKey: Guid(207c2f6bc835b604aa08b1a737ca2208) Importer(815301076,1909f56bfc062723c751e8b465ee728b)
Start importing Assets/Models/House/TheM.tif using Guid(207c2f6bc835b604aa08b1a737ca2208) Importer(815301076,1909f56bfc062723c751e8b465ee728b)  -> (artifact id: '1c0614d9ccc745d2e20397d3ee8805f1') in 0.017361 seconds 
========================================================================
Received Import Request.
  Time since last request: 91.486635 seconds.
  path: Assets/Models/Wardrobe.fbx
  artifactKey: Guid(014100578e4993246a8703b1a6f0a972) Importer(815301076,1909f56bfc062723c751e8b465ee728b)
Start importing Assets/Models/Wardrobe.fbx using Guid(014100578e4993246a8703b1a6f0a972) Importer(815301076,1909f56bfc062723c751e8b465ee728b)  -> (artifact id: '24cd53010dea7eba5a092b084f6cc92e') in 0.045685 seconds 
========================================================================
Received Import Request.
  Time since last request: 4.927660 seconds.
  path: Assets/Models/Wardrobe.fbx
  artifactKey: Guid(014100578e4993246a8703b1a6f0a972) Importer(815301076,1909f56bfc062723c751e8b465ee728b)
Start importing Assets/Models/Wardrobe.fbx using Guid(014100578e4993246a8703b1a6f0a972) Importer(815301076,1909f56bfc062723c751e8b465ee728b)  -> (artifact id: '126e6c5ffeb27345ca8aaea6080b7eee') in 0.038080 seconds 
========================================================================
Received Import Request.
  Time since last request: 86.507037 seconds.
  path: Assets/Models/ExitDoor.fbx
  artifactKey: Guid(dbb2d0afa822bf045aec682fffd676e2) Importer(815301076,1909f56bfc062723c751e8b465ee728b)
Start importing Assets/Models/ExitDoor.fbx using Guid(dbb2d0afa822bf045aec682fffd676e2) Importer(815301076,1909f56bfc062723c751e8b465ee728b)  -> (artifact id: 'fd305d832c66a4bb0e3b3108fe85f573') in 0.045344 seconds 
========================================================================
Received Import Request.
  Time since last request: 118.087392 seconds.
  path: Assets/Models/Painting1.fbx
  artifactKey: Guid(6a69e4b68b5d8f840811a5fbd4238d7e) Importer(815301076,1909f56bfc062723c751e8b465ee728b)
Start importing Assets/Models/Painting1.fbx using Guid(6a69e4b68b5d8f840811a5fbd4238d7e) Importer(815301076,1909f56bfc062723c751e8b465ee728b)  -> (artifact id: 'b50617dad64a5b5d8df303df97a3961e') in 0.034031 seconds 
========================================================================
Received Import Request.
  Time since last request: 9.753837 seconds.
  path: Assets/Models/Painting1.fbx
  artifactKey: Guid(6a69e4b68b5d8f840811a5fbd4238d7e) Importer(815301076,1909f56bfc062723c751e8b465ee728b)
Start importing Assets/Models/Painting1.fbx using Guid(6a69e4b68b5d8f840811a5fbd4238d7e) Importer(815301076,1909f56bfc062723c751e8b465ee728b)  -> (artifact id: '6f233aa458bdc7b2f64a12cb4a82437e') in 0.025295 seconds 
========================================================================
Received Import Request.
  Time since last request: 1.978505 seconds.
  path: Assets/Models/painting2.fbx
  artifactKey: Guid(becad9d19ab03b3449a0322e2117d244) Importer(815301076,1909f56bfc062723c751e8b465ee728b)
Start importing Assets/Models/painting2.fbx using Guid(becad9d19ab03b3449a0322e2117d244) Importer(815301076,1909f56bfc062723c751e8b465ee728b)  -> (artifact id: 'b57ba647c888849b5df7b6650abc2f8c') in 0.021785 seconds 
========================================================================
Received Import Request.
  Time since last request: 2.679169 seconds.
  path: Assets/Models/painting2.fbx
  artifactKey: Guid(becad9d19ab03b3449a0322e2117d244) Importer(815301076,1909f56bfc062723c751e8b465ee728b)
Start importing Assets/Models/painting2.fbx using Guid(becad9d19ab03b3449a0322e2117d244) Importer(815301076,1909f56bfc062723c751e8b465ee728b)  -> (artifact id: '8458b97d4fc32bbd9394b0edd1cd4876') in 0.016663 seconds 
========================================================================
Received Import Request.
  Time since last request: 2.633645 seconds.
  path: Assets/Models/painting3.fbx
  artifactKey: Guid(8a3c1492b1c86b945822046901e7143e) Importer(815301076,1909f56bfc062723c751e8b465ee728b)
Start importing Assets/Models/painting3.fbx using Guid(8a3c1492b1c86b945822046901e7143e) Importer(815301076,1909f56bfc062723c751e8b465ee728b)  -> (artifact id: 'af49caac1ff6aee02cba81d4101c058a') in 0.020107 seconds 
========================================================================
Received Import Request.
  Time since last request: 3.672353 seconds.
  path: Assets/Models/painting3.fbx
  artifactKey: Guid(8a3c1492b1c86b945822046901e7143e) Importer(815301076,1909f56bfc062723c751e8b465ee728b)
Start importing Assets/Models/painting3.fbx using Guid(8a3c1492b1c86b945822046901e7143e) Importer(815301076,1909f56bfc062723c751e8b465ee728b)  -> (artifact id: '3abb1fe0e63fcda5b6e6c808fa204872') in 0.025691 seconds 
========================================================================
Received Import Request.
  Time since last request: 1.239020 seconds.
  path: Assets/Models/Painting4.fbx
  artifactKey: Guid(4b21fad4a0e285043b32c4f33e0f8ab4) Importer(815301076,1909f56bfc062723c751e8b465ee728b)
Start importing Assets/Models/Painting4.fbx using Guid(4b21fad4a0e285043b32c4f33e0f8ab4) Importer(815301076,1909f56bfc062723c751e8b465ee728b)  -> (artifact id: '9372799bbdb79999fb14f588f2803392') in 0.024513 seconds 
========================================================================
Received Import Request.
  Time since last request: 2.493765 seconds.
  path: Assets/Models/Painting4.fbx
  artifactKey: Guid(4b21fad4a0e285043b32c4f33e0f8ab4) Importer(815301076,1909f56bfc062723c751e8b465ee728b)
Start importing Assets/Models/Painting4.fbx using Guid(4b21fad4a0e285043b32c4f33e0f8ab4) Importer(815301076,1909f56bfc062723c751e8b465ee728b)  -> (artifact id: '1d1a2416dde0300102a9de92ece88c01') in 0.015420 seconds 
========================================================================
Received Import Request.
  Time since last request: 98.680059 seconds.
  path: Assets/Models/ExitDoor.fbx
  artifactKey: Guid(dbb2d0afa822bf045aec682fffd676e2) Importer(815301076,1909f56bfc062723c751e8b465ee728b)
Start importing Assets/Models/ExitDoor.fbx using Guid(dbb2d0afa822bf045aec682fffd676e2) Importer(815301076,1909f56bfc062723c751e8b465ee728b)  -> (artifact id: 'ac14308def4082137eee46f167e8f198') in 0.045057 seconds 
========================================================================
Received Import Request.
  Time since last request: 80.275853 seconds.
  path: Assets/Models/ghostToy.fbx
  artifactKey: Guid(3cede294b8ffafe4e8f4e40332ff8d07) Importer(815301076,1909f56bfc062723c751e8b465ee728b)
Start importing Assets/Models/ghostToy.fbx using Guid(3cede294b8ffafe4e8f4e40332ff8d07) Importer(815301076,1909f56bfc062723c751e8b465ee728b)  -> (artifact id: 'b7ab29031c620187d2d12d10c989cae5') in 0.026462 seconds 
========================================================================
Received Import Request.
  Time since last request: 0.000036 seconds.
  path: Assets/Models/Kettle.fbx
  artifactKey: Guid(7a486cfb4bfeeb4439a9ec0c890c1a27) Importer(815301076,1909f56bfc062723c751e8b465ee728b)
Start importing Assets/Models/Kettle.fbx using Guid(7a486cfb4bfeeb4439a9ec0c890c1a27) Importer(815301076,1909f56bfc062723c751e8b465ee728b)  -> (artifact id: '7ea9b16df9c74fe89b193baf295a7395') in 0.026822 seconds 
========================================================================
Received Import Request.
  Time since last request: 0.000043 seconds.
  path: Assets/Models/Radio.FBX
  artifactKey: Guid(4a429494b14ed5c4fbdd83c5ef41e2dc) Importer(815301076,1909f56bfc062723c751e8b465ee728b)
Start importing Assets/Models/Radio.FBX using Guid(4a429494b14ed5c4fbdd83c5ef41e2dc) Importer(815301076,1909f56bfc062723c751e8b465ee728b)  -> (artifact id: '38a07e7a731513682b79c904ac6a9e95') in 0.048339 seconds 
========================================================================
Received Import Request.
  Time since last request: 0.000048 seconds.
  path: Assets/Models/RemoteController.fbx
  artifactKey: Guid(212cf63a90ec4e54ab5aecb1e413c3a8) Importer(815301076,1909f56bfc062723c751e8b465ee728b)
Start importing Assets/Models/RemoteController.fbx using Guid(212cf63a90ec4e54ab5aecb1e413c3a8) Importer(815301076,1909f56bfc062723c751e8b465ee728b)  -> (artifact id: 'a345e68a4002e8eac9ca202f1a8921d9') in 0.107849 seconds 
========================================================================
Received Import Request.
  Time since last request: 14.231846 seconds.
  path: Assets/Models/ghostToy.fbx
  artifactKey: Guid(3cede294b8ffafe4e8f4e40332ff8d07) Importer(815301076,1909f56bfc062723c751e8b465ee728b)
Start importing Assets/Models/ghostToy.fbx using Guid(3cede294b8ffafe4e8f4e40332ff8d07) Importer(815301076,1909f56bfc062723c751e8b465ee728b)  -> (artifact id: '9e069bdae134f1fd7a7cb5720e90d097') in 0.021505 seconds 
========================================================================
Received Import Request.
  Time since last request: 12.039227 seconds.
  path: Assets/Models/Hourglass.FBX
  artifactKey: Guid(88717fef4310004499aec91abc97e321) Importer(815301076,1909f56bfc062723c751e8b465ee728b)
Start importing Assets/Models/Hourglass.FBX using Guid(88717fef4310004499aec91abc97e321) Importer(815301076,1909f56bfc062723c751e8b465ee728b)  -> (artifact id: '18fea3dd02db62c9f8679124c0117316') in 0.059457 seconds 
========================================================================
Received Import Request.
  Time since last request: 18.249099 seconds.
  path: Assets/Models/Radio.FBX
  artifactKey: Guid(4a429494b14ed5c4fbdd83c5ef41e2dc) Importer(815301076,1909f56bfc062723c751e8b465ee728b)
Start importing Assets/Models/Radio.FBX using Guid(4a429494b14ed5c4fbdd83c5ef41e2dc) Importer(815301076,1909f56bfc062723c751e8b465ee728b)  -> (artifact id: '3f073c5e0c49b25fd72b2545a7e29304') in 0.033331 seconds 
========================================================================
Received Import Request.
  Time since last request: 465.405219 seconds.
  path: Assets/Models/BookBlue.fbx
  artifactKey: Guid(b28a108a7e44e9446bc75fbb211d84d3) Importer(815301076,1909f56bfc062723c751e8b465ee728b)
Start importing Assets/Models/BookBlue.fbx using Guid(b28a108a7e44e9446bc75fbb211d84d3) Importer(815301076,1909f56bfc062723c751e8b465ee728b)  -> (artifact id: 'd71aebf821b8bbdad5a7aa8cfed55430') in 0.037875 seconds 
========================================================================
Received Import Request.
  Time since last request: 0.000043 seconds.
  path: Assets/Models/BookOfSpells.fbx
  artifactKey: Guid(2e0ed56ec84fb5441ae71eb46e930ef8) Importer(815301076,1909f56bfc062723c751e8b465ee728b)
Start importing Assets/Models/BookOfSpells.fbx using Guid(2e0ed56ec84fb5441ae71eb46e930ef8) Importer(815301076,1909f56bfc062723c751e8b465ee728b)  -> (artifact id: '037f77eb5b1d2fb86e58bfb33b67f2d9') in 0.083587 seconds 
========================================================================
Received Import Request.
  Time since last request: 0.000034 seconds.
  path: Assets/Models/BookNavy.fbx
  artifactKey: Guid(e71c5b5a377a4244189c698b0d8b0fd6) Importer(815301076,1909f56bfc062723c751e8b465ee728b)
Start importing Assets/Models/BookNavy.fbx using Guid(e71c5b5a377a4244189c698b0d8b0fd6) Importer(815301076,1909f56bfc062723c751e8b465ee728b)  -> (artifact id: 'e54b5968d32f5c7b8b47a5f61e3d6f6b') in 0.027741 seconds 
========================================================================
Received Import Request.
  Time since last request: 14.301161 seconds.
  path: Assets/Models/BookBlue.fbx
  artifactKey: Guid(b28a108a7e44e9446bc75fbb211d84d3) Importer(815301076,1909f56bfc062723c751e8b465ee728b)
Start importing Assets/Models/BookBlue.fbx using Guid(b28a108a7e44e9446bc75fbb211d84d3) Importer(815301076,1909f56bfc062723c751e8b465ee728b)  -> (artifact id: '206cc64c814d1753c214b3fe18bf30e0') in 0.043965 seconds 
========================================================================
Received Import Request.
  Time since last request: 6.155768 seconds.
  path: Assets/Models/BookBrown.fbx
  artifactKey: Guid(ecc76489a9f0305439e1eefb86aa7a58) Importer(815301076,1909f56bfc062723c751e8b465ee728b)
Start importing Assets/Models/BookBrown.fbx using Guid(ecc76489a9f0305439e1eefb86aa7a58) Importer(815301076,1909f56bfc062723c751e8b465ee728b)  -> (artifact id: '06a9ccb9abf858a53554b38cd864e443') in 0.018688 seconds 
========================================================================
Received Import Request.
  Time since last request: 5.668980 seconds.
  path: Assets/Models/BookGreen.fbx
  artifactKey: Guid(3103a5ba195d4f5409f4797f02b86d39) Importer(815301076,1909f56bfc062723c751e8b465ee728b)
Start importing Assets/Models/BookGreen.fbx using Guid(3103a5ba195d4f5409f4797f02b86d39) Importer(815301076,1909f56bfc062723c751e8b465ee728b)  -> (artifact id: '835a38546dff9aba361f1dc614133ff4') in 0.017949 seconds 
========================================================================
Received Import Request.
  Time since last request: 5.711832 seconds.
  path: Assets/Models/BookHolder.fbx
  artifactKey: Guid(9699fd156a15f8e4997dffd46fae0730) Importer(815301076,1909f56bfc062723c751e8b465ee728b)
Start importing Assets/Models/BookHolder.fbx using Guid(9699fd156a15f8e4997dffd46fae0730) Importer(815301076,1909f56bfc062723c751e8b465ee728b)  -> (artifact id: '836b5078c83f56d577e03268426005aa') in 0.022759 seconds 
========================================================================
Received Import Request.
  Time since last request: 6.127974 seconds.
  path: Assets/Models/BookNavy.fbx
  artifactKey: Guid(e71c5b5a377a4244189c698b0d8b0fd6) Importer(815301076,1909f56bfc062723c751e8b465ee728b)
Start importing Assets/Models/BookNavy.fbx using Guid(e71c5b5a377a4244189c698b0d8b0fd6) Importer(815301076,1909f56bfc062723c751e8b465ee728b)  -> (artifact id: 'db50ba585825a17faa9a55a3c7aaf791') in 0.153791 seconds 
========================================================================
Received Import Request.
  Time since last request: 8.843803 seconds.
  path: Assets/Models/BookOfSpells.fbx
  artifactKey: Guid(2e0ed56ec84fb5441ae71eb46e930ef8) Importer(815301076,1909f56bfc062723c751e8b465ee728b)
Start importing Assets/Models/BookOfSpells.fbx using Guid(2e0ed56ec84fb5441ae71eb46e930ef8) Importer(815301076,1909f56bfc062723c751e8b465ee728b)  -> (artifact id: 'c78d5b0620530b0260582cbdc626724f') in 0.028041 seconds 
========================================================================
Received Import Request.
  Time since last request: 15.471794 seconds.
  path: Assets/Models/BookRed.fbx
  artifactKey: Guid(7ad48b5fb27adb5418f007f65ad14b60) Importer(815301076,1909f56bfc062723c751e8b465ee728b)
Start importing Assets/Models/BookRed.fbx using Guid(7ad48b5fb27adb5418f007f65ad14b60) Importer(815301076,1909f56bfc062723c751e8b465ee728b)  -> (artifact id: '733c8e390188cdccc1b7012a112ac829') in 0.021225 seconds 
========================================================================
Received Import Request.
  Time since last request: 9.826631 seconds.
  path: Assets/Models/BookVanilla.fbx
  artifactKey: Guid(39b2a718c0c2b9a4c862706dcf2d64bf) Importer(815301076,1909f56bfc062723c751e8b465ee728b)
Start importing Assets/Models/BookVanilla.fbx using Guid(39b2a718c0c2b9a4c862706dcf2d64bf) Importer(815301076,1909f56bfc062723c751e8b465ee728b)  -> (artifact id: '59dc175791ba80c28badfbf1c36d01ee') in 0.020121 seconds 
========================================================================
Received Import Request.
  Time since last request: 831.741609 seconds.
  path: Assets/Scenes/SampleScene.unity
  artifactKey: Guid(9fc0d4010bbf28b4594072e72b8655ab) Importer(815301076,1909f56bfc062723c751e8b465ee728b)
Start importing Assets/Scenes/SampleScene.unity using Guid(9fc0d4010bbf28b4594072e72b8655ab) Importer(815301076,1909f56bfc062723c751e8b465ee728b)  -> (artifact id: '8d7a8f1747bd75e8be378f4d66db5b87') in 0.021838 seconds 
========================================================================
Received Import Request.
  Time since last request: 5.738700 seconds.
  path: Assets/Scenes/Main.unity
  artifactKey: Guid(9fc0d4010bbf28b4594072e72b8655ab) Importer(815301076,1909f56bfc062723c751e8b465ee728b)
Start importing Assets/Scenes/Main.unity using Guid(9fc0d4010bbf28b4594072e72b8655ab) Importer(815301076,1909f56bfc062723c751e8b465ee728b)  -> (artifact id: '5f4e64608ee08de3cd356bcb9ae6769f') in 0.007661 seconds 
========================================================================
Received Import Request.
  Time since last request: 114.539822 seconds.
  path: Assets/Models/BookBlue.fbx
  artifactKey: Guid(b28a108a7e44e9446bc75fbb211d84d3) Importer(815301076,1909f56bfc062723c751e8b465ee728b)
Start importing Assets/Models/BookBlue.fbx using Guid(b28a108a7e44e9446bc75fbb211d84d3) Importer(815301076,1909f56bfc062723c751e8b465ee728b)  -> (artifact id: 'dd7a307f940145c34bafd3b413e19100') in 0.256280 seconds 
========================================================================
Received Import Request.
  Time since last request: 0.000024 seconds.
  path: Assets/Models/BookOfSpells.fbx
  artifactKey: Guid(2e0ed56ec84fb5441ae71eb46e930ef8) Importer(815301076,1909f56bfc062723c751e8b465ee728b)
Start importing Assets/Models/BookOfSpells.fbx using Guid(2e0ed56ec84fb5441ae71eb46e930ef8) Importer(815301076,1909f56bfc062723c751e8b465ee728b)  -> (artifact id: '98799f203eccf81cec71bd8f939c7bb3') in 0.133711 seconds 
========================================================================
Received Import Request.
  Time since last request: 0.000055 seconds.
  path: Assets/Models/BookHolder.fbx
  artifactKey: Guid(9699fd156a15f8e4997dffd46fae0730) Importer(815301076,1909f56bfc062723c751e8b465ee728b)
Start importing Assets/Models/BookHolder.fbx using Guid(9699fd156a15f8e4997dffd46fae0730) Importer(815301076,1909f56bfc062723c751e8b465ee728b)  -> (artifact id: 'cd89e7f0515113fd296a0ae1ffcb9f40') in 0.072704 seconds 
========================================================================
Received Import Request.
  Time since last request: 0.000021 seconds.
  path: Assets/Models/painting2.fbx
  artifactKey: Guid(becad9d19ab03b3449a0322e2117d244) Importer(815301076,1909f56bfc062723c751e8b465ee728b)
Start importing Assets/Models/painting2.fbx using Guid(becad9d19ab03b3449a0322e2117d244) Importer(815301076,1909f56bfc062723c751e8b465ee728b)  -> (artifact id: '3d815874c3597c5162932af41e9a6e8c') in 0.037960 seconds 
========================================================================
Received Import Request.
  Time since last request: 0.000041 seconds.
  path: Assets/Models/painting3.fbx
  artifactKey: Guid(8a3c1492b1c86b945822046901e7143e) Importer(815301076,1909f56bfc062723c751e8b465ee728b)
Start importing Assets/Models/painting3.fbx using Guid(8a3c1492b1c86b945822046901e7143e) Importer(815301076,1909f56bfc062723c751e8b465ee728b)  -> (artifact id: '94ebf6ddf60c86283f9401561dce287c') in 0.044459 seconds 
========================================================================
Received Import Request.
  Time since last request: 0.000020 seconds.
  path: Assets/Models/BookRed.fbx
  artifactKey: Guid(7ad48b5fb27adb5418f007f65ad14b60) Importer(815301076,1909f56bfc062723c751e8b465ee728b)
Start importing Assets/Models/BookRed.fbx using Guid(7ad48b5fb27adb5418f007f65ad14b60) Importer(815301076,1909f56bfc062723c751e8b465ee728b)  -> (artifact id: 'c468bc4eb7f80c5c2e32a2afb6c11911') in 0.036585 seconds 
========================================================================
Received Import Request.
  Time since last request: 0.000040 seconds.
  path: Assets/Models/Glass.mat
  artifactKey: Guid(c9380572236dbdd41807398689728fd4) Importer(815301076,1909f56bfc062723c751e8b465ee728b)
Start importing Assets/Models/Glass.mat using Guid(c9380572236dbdd41807398689728fd4) Importer(815301076,1909f56bfc062723c751e8b465ee728b)  -> (artifact id: 'ccf75c8a79c004602f214227fe683726') in 0.190964 seconds 
========================================================================
Received Import Request.
  Time since last request: 0.000049 seconds.
  path: Assets/Models/WitchHouse.fbx
  artifactKey: Guid(bbf081a67ce85f84992332d8d4878010) Importer(815301076,1909f56bfc062723c751e8b465ee728b)
Start importing Assets/Models/WitchHouse.fbx using Guid(bbf081a67ce85f84992332d8d4878010) Importer(815301076,1909f56bfc062723c751e8b465ee728b)  -> (artifact id: '8a12766052b4b24c8e0eda767373c3c5') in 0.392378 seconds 
========================================================================
Received Import Request.
  Time since last request: 0.000028 seconds.
  path: Assets/Models/BookGreen.fbx
  artifactKey: Guid(3103a5ba195d4f5409f4797f02b86d39) Importer(815301076,1909f56bfc062723c751e8b465ee728b)
Start importing Assets/Models/BookGreen.fbx using Guid(3103a5ba195d4f5409f4797f02b86d39) Importer(815301076,1909f56bfc062723c751e8b465ee728b)  -> (artifact id: 'f79e8c5bf32698ff7fafe019239512ed') in 0.038066 seconds 
========================================================================
Received Import Request.
  Time since last request: 21.703435 seconds.
  path: Assets/Models/Sphere.mat
  artifactKey: Guid(740491a21bc6b094e92c78a7e72e6ff2) Importer(815301076,1909f56bfc062723c751e8b465ee728b)
Start importing Assets/Models/Sphere.mat using Guid(740491a21bc6b094e92c78a7e72e6ff2) Importer(815301076,1909f56bfc062723c751e8b465ee728b)  -> (artifact id: '3a122c305088ddfaca0484a16ac91f7d') in 0.014041 seconds 
========================================================================
Received Import Request.
  Time since last request: 248.866923 seconds.
  path: Assets/Models/Sphere.mat
  artifactKey: Guid(740491a21bc6b094e92c78a7e72e6ff2) Importer(815301076,1909f56bfc062723c751e8b465ee728b)
Start importing Assets/Models/Sphere.mat using Guid(740491a21bc6b094e92c78a7e72e6ff2) Importer(815301076,1909f56bfc062723c751e8b465ee728b)  -> (artifact id: '731da6487679422588fc2dc6a1e6195b') in 0.020588 seconds 
